[2021-07-29 10:33:56,372]- logger.py] - INFO: 开始测试-首次安装后进行验证码登录
[2021-07-29 10:34:11,319]- logger.py] - INFO: 未绑定页面提示:您还未绑定设备, None
[2021-07-29 10:34:12,544]- logger.py] - INFO: 未绑定用户验证码登录测试结束

[2021-07-29 10:34:12,547]- logger.py] - INFO: 开始测试-未绑定用户手势密码登录
[2021-07-29 10:34:44,724]- logger.py] - INFO: 元素检测:False
[2021-07-29 10:35:06,148]- logger.py] - INFO: 未绑定用户手势密码登录测试结束

[2021-07-29 10:35:06,151]- logger.py] - INFO: 开始测试-手势密码登录-切换帐号
[2021-07-29 10:35:07,297]- logger.py] - INFO: 验证码登录页面按钮是否高亮
[2021-07-29 10:35:17,625]- logger.py] - INFO: 结束测试-手势密码登录-切换帐号

[2021-07-29 10:35:17,629]- logger.py] - INFO: 开始测试-手势密码登录-忘记手势密码
[2021-07-29 10:35:19,121]- logger.py] - INFO: 验证码登录页面按钮是否高亮
[2021-07-29 10:35:29,383]- logger.py] - INFO: 结束测试-手势密码登录-忘记手势密码

[2021-07-29 10:35:29,386]- logger.py] - INFO: 开始测试-手势密码登录-切换登录方式
[2021-07-29 10:35:31,111]- logger.py] - INFO: 验证码登录页面按钮是否高亮
[2021-07-29 10:35:41,558]- logger.py] - INFO: 结束测试-手势密码登录-切换登录方式

[2021-07-29 10:38:03,042]- logger.py] - INFO: 开始测试-首次安装后进行验证码登录
[2021-07-29 10:38:17,888]- logger.py] - INFO: 未绑定页面提示:您还未绑定设备, None
[2021-07-29 10:38:19,712]- logger.py] - INFO: 未绑定用户验证码登录测试结束

[2021-07-29 10:38:19,715]- logger.py] - INFO: 开始测试-未绑定用户手势密码登录
[2021-07-29 10:38:53,304]- logger.py] - INFO: 元素检测:False
[2021-07-29 10:39:13,433]- logger.py] - INFO: 未绑定用户手势密码登录测试结束

[2021-07-29 10:39:13,436]- logger.py] - INFO: 开始测试-手势密码登录-切换帐号
[2021-07-29 10:39:14,580]- logger.py] - INFO: 验证码登录页面按钮是否高亮
[2021-07-29 10:39:25,107]- logger.py] - INFO: 结束测试-手势密码登录-切换帐号

[2021-07-29 10:39:25,110]- logger.py] - INFO: 开始测试-手势密码登录-忘记手势密码
[2021-07-29 10:39:26,256]- logger.py] - INFO: 验证码登录页面按钮是否高亮
[2021-07-29 10:39:37,282]- logger.py] - INFO: 结束测试-手势密码登录-忘记手势密码

[2021-07-29 10:39:37,285]- logger.py] - INFO: 开始测试-手势密码登录-切换登录方式
[2021-07-29 10:39:38,428]- logger.py] - INFO: 验证码登录页面按钮是否高亮
[2021-07-29 10:39:49,141]- logger.py] - INFO: 结束测试-手势密码登录-切换登录方式

