[2021-07-22 09:53:00,732]- logger.py] - INFO: 开始测试-账号01234567890进行错误账号登录
[2021-07-22 09:53:11,191]- logger.py] - INFO: 元素检测:必须以1开头
[2021-07-22 09:53:11,191]- logger.py] - INFO: 测试toast登录结束

[2021-07-22 09:53:11,191]- logger.py] - INFO: 开始测试-账号18999991801进行错误密码登录
[2021-07-22 09:54:03,180]- logger.py] - INFO: 开始测试-账号18999991801进行错误密码登录
[2021-07-22 09:54:12,608]- logger.py] - INFO: 元素检测:oops, 登录名或密码好像错了哟~~~
[2021-07-22 09:54:12,609]- logger.py] - INFO: 测试toast登录结束

[2021-07-22 10:09:09,824]- logger.py] - INFO: 开始测试-账号01234567890进行错误账号登录
[2021-07-22 10:09:19,559]- logger.py] - INFO: 元素检测:必须以1开头
[2021-07-22 10:09:19,559]- logger.py] - INFO: 测试toast登录结束

[2021-07-22 10:09:19,559]- logger.py] - INFO: 开始测试-账号18999991801进行错误密码登录
[2021-07-22 10:10:12,776]- logger.py] - INFO: 开始测试-账号01234567890进行错误账号登录
[2021-07-22 10:10:22,603]- logger.py] - INFO: 元素检测:必须以1开头
[2021-07-22 10:10:22,603]- logger.py] - INFO: 测试toast登录结束

[2021-07-22 10:10:32,436]- logger.py] - INFO: 开始测试-账号18999991801进行错误密码登录
[2021-07-22 10:10:42,838]- logger.py] - INFO: 元素检测:oops, 登录名或密码好像错了哟~~~
[2021-07-22 10:10:42,838]- logger.py] - INFO: 测试toast登录结束

[2021-07-22 10:12:46,885]- logger.py] - INFO: 开始测试-账号01234567890进行错误账号登录
[2021-07-22 10:12:56,902]- logger.py] - INFO: 元素检测:必须以1开头
[2021-07-22 10:12:56,903]- logger.py] - INFO: 测试toast登录结束

[2021-07-22 10:12:56,903]- logger.py] - INFO: 开始测试-账号18999991801进行错误密码登录
[2021-07-22 10:38:58,157]- logger.py] - INFO: 开始测试-账号01234567890进行错误账号登录
[2021-07-22 10:39:09,471]- logger.py] - INFO: 元素检测:必须以1开头
[2021-07-22 10:39:09,472]- logger.py] - INFO: 测试toast登录结束

[2021-07-22 10:39:09,472]- logger.py] - INFO: 开始测试-账号18999991801进行错误密码登录
[2021-07-22 10:40:05,471]- logger.py] - INFO: 开始测试-账号01234567890进行错误账号登录
[2021-07-22 10:40:16,773]- logger.py] - INFO: 元素检测:必须以1开头
[2021-07-22 10:40:16,773]- logger.py] - INFO: 测试toast登录结束

[2021-07-22 10:40:16,773]- logger.py] - INFO: 开始测试-账号18999991801进行错误密码登录
[2021-07-22 10:40:26,061]- logger.py] - INFO: 元素检测:oops, 登录名或密码好像错了哟~~~
[2021-07-22 10:40:26,061]- logger.py] - INFO: 测试toast登录结束

[2021-07-22 17:21:40,228]- logger.py] - INFO: 开始测试-上传图片
[2021-07-22 17:21:47,812]- logger.py] - INFO: 开始登录-测试
[2021-07-22 17:23:40,247]- logger.py] - INFO: 开始测试-上传图片
[2021-07-22 17:23:57,314]- logger.py] - INFO: 开始登录-测试
[2021-07-22 17:25:07,091]- logger.py] - INFO: 开始测试-上传图片
[2021-07-22 17:25:36,165]- logger.py] - INFO: 开始测试-上传图片
[2021-07-22 17:28:06,492]- logger.py] - INFO: 开始测试-上传图片
[2021-07-22 17:30:27,249]- logger.py] - INFO: 开始测试-创建文件夹
[2021-07-22 17:31:49,908]- logger.py] - INFO: 开始测试-创建文件夹
[2021-07-22 17:32:06,477]- logger.py] - INFO: 元素检测:False
[2021-07-22 17:32:09,479]- logger.py] - INFO: 上传测试结束

[2021-07-22 17:32:46,038]- logger.py] - INFO: 开始测试-创建文件夹
[2021-07-22 17:32:55,013]- logger.py] - INFO: 元素检测:新建文件夹成功
[2021-07-22 17:32:58,016]- logger.py] - INFO: 上传测试结束

[2021-07-22 17:33:18,557]- logger.py] - INFO: 开始测试-创建文件夹
[2021-07-22 17:33:27,990]- logger.py] - INFO: 元素检测:新建文件夹成功
[2021-07-22 17:36:05,764]- logger.py] - INFO: 开始测试-创建文件夹
[2021-07-22 17:36:14,890]- logger.py] - INFO: 元素检测:新建文件夹成功
[2021-07-22 17:37:45,760]- logger.py] - INFO: 开始测试-创建文件夹
[2021-07-22 17:37:55,267]- logger.py] - INFO: 元素检测:新建文件夹成功
[2021-07-22 17:38:08,650]- logger.py] - INFO: 上传测试结束

[2021-07-22 17:39:06,722]- logger.py] - INFO: 开始测试-上传文件夹
[2021-07-22 17:39:23,941]- logger.py] - INFO: 元素检测:False
[2021-07-22 17:39:50,203]- logger.py] - INFO: 开始测试-上传文件夹
[2021-07-22 17:39:58,218]- logger.py] - INFO: 元素检测:新建文件夹成功
[2021-07-22 17:40:26,649]- logger.py] - INFO: 上传测试结束

[2021-07-22 18:18:41,717]- logger.py] - INFO: 开始测试-上传至新建文件夹
[2021-07-22 18:18:52,451]- logger.py] - INFO: 元素检测:新建文件夹成功
[2021-07-22 18:20:43,325]- logger.py] - INFO: 开始测试-上传至新建文件夹
[2021-07-22 18:20:51,579]- logger.py] - INFO: 元素检测:新建文件夹成功
[2021-07-22 18:21:20,481]- logger.py] - INFO: 上传测试结束

[2021-07-22 18:23:09,256]- logger.py] - INFO: 开始测试-上传至新建文件夹
[2021-07-22 18:23:19,059]- logger.py] - INFO: 元素检测:新建文件夹成功
[2021-07-22 18:23:42,496]- logger.py] - INFO: 上传测试结束

