[2021-07-27 09:33:12,983]- logger.py] - INFO: 开始测试-上传至新建文件夹
[2021-07-27 09:33:31,251]- logger.py] - INFO: 元素检测:False
[2021-07-27 09:34:10,475]- logger.py] - INFO: 开始测试-上传至新建文件夹
[2021-07-27 09:34:21,219]- logger.py] - INFO: 元素检测:新建文件夹成功
[2021-07-27 09:34:53,689]- logger.py] - INFO: 上传测试结束

[2021-07-27 09:54:25,943]- logger.py] - INFO: 开始测试-上传至新建文件夹
[2021-07-27 09:54:37,623]- logger.py] - INFO: 元素检测:新建文件夹成功
[2021-07-27 10:05:14,556]- logger.py] - INFO: 开始测试-上传至新建文件夹
[2021-07-27 10:05:24,612]- logger.py] - INFO: 元素检测:新建文件夹成功
[2021-07-27 10:05:55,575]- logger.py] - INFO: 上传测试结束

[2021-07-27 10:15:45,633]- logger.py] - INFO: 开始测试-上传至新建文件夹
[2021-07-27 10:15:55,687]- logger.py] - INFO: 元素检测:新建文件夹成功
[2021-07-27 10:16:27,663]- logger.py] - INFO: 上传测试结束

[2021-07-27 10:17:13,171]- logger.py] - INFO: 开始测试-上传至新建文件夹
[2021-07-27 10:17:23,573]- logger.py] - INFO: 元素检测:新建文件夹成功
[2021-07-27 10:19:45,164]- logger.py] - INFO: 开始测试-上传至新建文件夹
[2021-07-27 10:19:55,202]- logger.py] - INFO: 元素检测:新建文件夹成功
[2021-07-27 10:20:27,763]- logger.py] - INFO: 上传测试结束

[2021-07-27 16:38:04,802]- logger.py] - INFO: 开始测试-首次安装后进行验证码登录
[2021-07-27 16:51:22,746]- logger.py] - INFO: 开始测试-首次安装后进行验证码登录
[2021-07-27 16:57:17,938]- logger.py] - INFO: 开始测试-首次安装后进行验证码登录
[2021-07-27 16:59:18,550]- logger.py] - INFO: 开始测试-首次安装后进行验证码登录
[2021-07-27 17:17:18,689]- logger.py] - INFO: 开始测试-首次安装后进行验证码登录
[2021-07-27 17:18:47,972]- logger.py] - INFO: 开始测试-首次安装后进行验证码登录
[2021-07-27 17:20:58,720]- logger.py] - INFO: 开始测试-首次安装后进行验证码登录
[2021-07-27 17:24:00,989]- logger.py] - INFO: 开始测试-首次安装后进行验证码登录
[2021-07-27 17:53:42,484]- logger.py] - INFO: 开始测试-首次安装后进行验证码登录
[2021-07-27 17:54:32,677]- logger.py] - INFO: 开始测试-首次安装后进行验证码登录
[2021-07-27 18:06:21,173]- logger.py] - INFO: 开始测试-首次安装后进行验证码登录
[2021-07-27 18:06:36,681]- logger.py] - INFO: 未绑定页面提示:您还未绑定设备, None
[2021-07-27 18:06:40,624]- logger.py] - INFO: 未绑定用户验证码登录测试结束

