[2021-07-28 12:36:53,732]- logger.py] - INFO: 开始测试-首次安装后进行验证码登录
[2021-07-28 12:37:09,400]- logger.py] - INFO: 未绑定页面提示:您还未绑定设备, None
[2021-07-28 12:42:21,542]- logger.py] - INFO: 开始测试-首次安装后进行验证码登录
[2021-07-28 12:42:36,375]- logger.py] - INFO: 未绑定页面提示:您还未绑定设备, None
[2021-07-28 12:43:52,568]- logger.py] - INFO: 开始测试-首次安装后进行验证码登录
[2021-07-28 12:44:07,720]- logger.py] - INFO: 未绑定页面提示:您还未绑定设备, None
[2021-07-28 12:50:35,793]- logger.py] - INFO: 开始测试-首次安装后进行验证码登录
[2021-07-28 12:50:53,046]- logger.py] - INFO: 未绑定页面提示:您还未绑定设备, None
[2021-07-28 12:53:07,274]- logger.py] - INFO: 开始测试-首次安装后进行验证码登录
[2021-07-28 12:53:22,075]- logger.py] - INFO: 未绑定页面提示:您还未绑定设备, None
[2021-07-28 12:59:49,445]- logger.py] - INFO: 开始测试-首次安装后进行验证码登录
[2021-07-28 13:00:37,401]- logger.py] - INFO: 开始测试-首次安装后进行验证码登录
[2021-07-28 13:00:52,584]- logger.py] - INFO: 未绑定页面提示:您还未绑定设备, None
[2021-07-28 13:06:00,585]- logger.py] - INFO: 开始测试-首次安装后进行验证码登录
[2021-07-28 13:06:15,354]- logger.py] - INFO: 未绑定页面提示:您还未绑定设备, None
[2021-07-28 13:51:42,580]- logger.py] - INFO: 开始测试-首次安装后进行验证码登录
[2021-07-28 13:51:57,468]- logger.py] - INFO: 未绑定页面提示:您还未绑定设备, None
[2021-07-28 13:53:32,748]- logger.py] - INFO: 开始测试-首次安装后进行验证码登录
[2021-07-28 13:53:46,569]- logger.py] - INFO: 未绑定页面提示:您还未绑定设备, None
[2021-07-28 13:55:20,090]- logger.py] - INFO: 开始测试-首次安装后进行验证码登录
[2021-07-28 13:55:33,681]- logger.py] - INFO: 未绑定页面提示:您还未绑定设备, None
[2021-07-28 14:15:12,930]- logger.py] - INFO: 开始测试-首次安装后进行验证码登录
[2021-07-28 14:15:42,977]- logger.py] - INFO: 开始测试-首次安装后进行验证码登录
[2021-07-28 14:17:31,834]- logger.py] - INFO: 开始测试-首次安装后进行验证码登录
[2021-07-28 14:17:47,831]- logger.py] - INFO: 未绑定页面提示:您还未绑定设备, None
[2021-07-28 14:19:27,648]- logger.py] - INFO: 开始测试-首次安装后进行验证码登录
[2021-07-28 14:19:42,147]- logger.py] - INFO: 未绑定页面提示:您还未绑定设备, None
[2021-07-28 14:20:41,176]- logger.py] - INFO: -----测试结束

[2021-07-28 14:29:46,533]- logger.py] - INFO: 开始测试-首次安装后进行验证码登录
[2021-07-28 14:30:01,654]- logger.py] - INFO: 未绑定页面提示:您还未绑定设备, None
[2021-07-28 14:38:09,246]- logger.py] - INFO: 开始测试-首次安装后进行验证码登录
[2021-07-28 14:38:25,274]- logger.py] - INFO: 未绑定页面提示:您还未绑定设备, None
[2021-07-28 14:58:17,868]- logger.py] - INFO: 开始测试-首次安装后进行验证码登录
[2021-07-28 14:58:33,168]- logger.py] - INFO: 未绑定页面提示:您还未绑定设备, None
[2021-07-28 15:00:49,586]- logger.py] - INFO: 开始测试-首次安装后进行验证码登录
[2021-07-28 15:01:04,380]- logger.py] - INFO: 未绑定页面提示:您还未绑定设备, None
[2021-07-28 15:02:06,077]- logger.py] - INFO: 开始测试-首次安装后进行验证码登录
[2021-07-28 15:02:22,554]- logger.py] - INFO: 未绑定页面提示:您还未绑定设备, None
[2021-07-28 15:02:53,557]- logger.py] - INFO: -----测试结束

[2021-07-28 16:17:23,261]- logger.py] - INFO: 开始测试-首次安装后进行验证码登录
[2021-07-28 16:17:37,178]- logger.py] - INFO: 未绑定页面提示:您还未绑定设备, None
[2021-07-28 16:17:38,928]- logger.py] - INFO: 未绑定用户验证码登录测试结束

[2021-07-28 16:18:08,565]- logger.py] - INFO: 未绑定用户手势密码登录测试结束

[2021-07-28 16:27:01,346]- logger.py] - INFO: 开始测试-首次安装后进行验证码登录
[2021-07-28 16:27:16,458]- logger.py] - INFO: 未绑定页面提示:您还未绑定设备, None
[2021-07-28 16:27:17,681]- logger.py] - INFO: 未绑定用户验证码登录测试结束

[2021-07-28 16:28:05,015]- logger.py] - INFO: 开始测试-首次安装后进行验证码登录
[2021-07-28 16:28:19,103]- logger.py] - INFO: 未绑定页面提示:您还未绑定设备, None
[2021-07-28 16:28:20,665]- logger.py] - INFO: 未绑定用户验证码登录测试结束

[2021-07-28 16:29:50,705]- logger.py] - INFO: 开始测试-首次安装后进行验证码登录
[2021-07-28 16:30:06,223]- logger.py] - INFO: 未绑定页面提示:您还未绑定设备, None
[2021-07-28 16:30:07,442]- logger.py] - INFO: 未绑定用户验证码登录测试结束

[2021-07-28 16:30:37,695]- logger.py] - INFO: 未绑定用户手势密码登录测试结束

[2021-07-28 16:49:18,613]- logger.py] - INFO: 开始测试-首次安装后进行验证码登录
[2021-07-28 16:51:47,233]- logger.py] - INFO: 开始测试-首次安装后进行验证码登录
[2021-07-28 16:52:01,485]- logger.py] - INFO: 未绑定页面提示:您还未绑定设备, None
[2021-07-28 16:52:02,702]- logger.py] - INFO: 未绑定用户验证码登录测试结束

[2021-07-28 16:52:33,819]- logger.py] - INFO: 未绑定用户手势密码登录测试结束

[2021-07-28 17:17:37,758]- logger.py] - INFO: 开始测试-首次安装后进行验证码登录
[2021-07-28 17:17:53,114]- logger.py] - INFO: 未绑定页面提示:您还未绑定设备, None
[2021-07-28 17:17:54,317]- logger.py] - INFO: 未绑定用户验证码登录测试结束

[2021-07-28 17:18:38,473]- logger.py] - INFO: 未绑定用户手势密码登录测试结束

[2021-07-28 17:22:15,428]- logger.py] - INFO: 开始测试-首次安装后进行验证码登录
[2021-07-28 17:22:30,025]- logger.py] - INFO: 未绑定页面提示:您还未绑定设备, None
[2021-07-28 17:22:31,156]- logger.py] - INFO: 未绑定用户验证码登录测试结束

[2021-07-28 17:23:15,130]- logger.py] - INFO: 未绑定用户手势密码登录测试结束

[2021-07-28 17:46:18,607]- logger.py] - INFO: 开始测试-首次安装后进行验证码登录
[2021-07-28 17:46:34,066]- logger.py] - INFO: 未绑定页面提示:您还未绑定设备, None
[2021-07-28 17:46:35,281]- logger.py] - INFO: 未绑定用户验证码登录测试结束

[2021-07-28 17:47:19,038]- logger.py] - INFO: 未绑定用户手势密码登录测试结束

[2021-07-28 17:47:22,465]- logger.py] - INFO: 切换登录方式测试结束

[2021-07-28 17:57:55,088]- logger.py] - INFO: 开始测试-首次安装后进行验证码登录
[2021-07-28 17:58:09,451]- logger.py] - INFO: 未绑定页面提示:您还未绑定设备, None
[2021-07-28 17:58:10,575]- logger.py] - INFO: 未绑定用户验证码登录测试结束

[2021-07-28 17:58:10,579]- logger.py] - INFO: 开始测试-未绑定用户手势密码登录
[2021-07-28 17:58:53,917]- logger.py] - INFO: 未绑定用户手势密码登录测试结束

[2021-07-28 17:58:53,920]- logger.py] - INFO: 开始测试-手势密码登录-切换帐号
[2021-07-28 17:58:55,449]- logger.py] - INFO: 验证码登录页面按钮是否高亮
[2021-07-28 17:58:57,297]- logger.py] - INFO: 切换登录方式测试结束

[2021-07-28 17:58:57,300]- logger.py] - INFO: 开始测试-手势密码登录-忘记手势密码
[2021-07-28 17:59:28,516]- logger.py] - INFO: 开始测试-手势密码登录-切换登录方式
[2021-07-28 18:05:20,379]- logger.py] - INFO: 开始测试-首次安装后进行验证码登录
[2021-07-28 18:05:35,032]- logger.py] - INFO: 未绑定页面提示:您还未绑定设备, None
[2021-07-28 18:05:36,609]- logger.py] - INFO: 未绑定用户验证码登录测试结束

[2021-07-28 18:05:36,612]- logger.py] - INFO: 开始测试-未绑定用户手势密码登录
[2021-07-28 18:06:19,900]- logger.py] - INFO: 未绑定用户手势密码登录测试结束

[2021-07-28 18:06:19,904]- logger.py] - INFO: 开始测试-手势密码登录-切换帐号
[2021-07-28 18:06:21,067]- logger.py] - INFO: 验证码登录页面按钮是否高亮
[2021-07-28 18:07:00,053]- logger.py] - INFO: 开始测试-手势密码登录-忘记手势密码
[2021-07-28 18:07:31,481]- logger.py] - INFO: 开始测试-手势密码登录-切换登录方式
[2021-07-28 18:08:37,541]- logger.py] - INFO: 开始测试-首次安装后进行验证码登录
[2021-07-28 18:08:53,072]- logger.py] - INFO: 未绑定页面提示:您还未绑定设备, None
[2021-07-28 18:08:54,294]- logger.py] - INFO: 未绑定用户验证码登录测试结束

[2021-07-28 18:08:54,297]- logger.py] - INFO: 开始测试-未绑定用户手势密码登录
[2021-07-28 18:09:38,268]- logger.py] - INFO: 未绑定用户手势密码登录测试结束

[2021-07-28 18:09:38,272]- logger.py] - INFO: 开始测试-手势密码登录-切换帐号
[2021-07-28 18:09:39,435]- logger.py] - INFO: 验证码登录页面按钮是否高亮
[2021-07-28 18:09:50,560]- logger.py] - INFO: 切换登录方式测试结束

[2021-07-28 18:09:50,563]- logger.py] - INFO: 开始测试-手势密码登录-忘记手势密码
[2021-07-28 18:09:51,723]- logger.py] - INFO: 验证码登录页面按钮是否高亮
[2021-07-28 18:10:02,599]- logger.py] - INFO: 切换登录方式测试结束

[2021-07-28 18:10:02,602]- logger.py] - INFO: 开始测试-手势密码登录-切换登录方式
[2021-07-28 18:10:03,751]- logger.py] - INFO: 验证码登录页面按钮是否高亮
[2021-07-28 18:10:15,306]- logger.py] - INFO: 切换登录方式测试结束

