[2021-07-16 09:31:52,675]- logger.py] - INFO: 开始测试-账号13899999100进行登录
[2021-07-16 09:32:22,508]- logger.py] - INFO: 测试登录结束

[2021-07-16 09:32:23,541]- logger.py] - INFO: 开始测试-账号13899999101进行登录
[2021-07-16 09:32:50,319]- logger.py] - INFO: 开始测试-账号13899999100进行登录
[2021-07-16 09:33:19,543]- logger.py] - INFO: 测试登录结束

[2021-07-16 09:33:26,588]- logger.py] - INFO: 开始测试-账号13899999101进行登录
[2021-07-16 09:33:55,507]- logger.py] - INFO: 测试登录结束

[2021-07-16 09:34:18,813]- logger.py] - INFO: 开始测试-账号13899999100进行登录
[2021-07-16 09:34:47,961]- logger.py] - INFO: 测试登录结束

[2021-07-16 09:34:54,899]- logger.py] - INFO: 开始测试-账号13899999101进行登录
[2021-07-16 09:35:23,896]- logger.py] - INFO: 测试登录结束

[2021-07-16 09:35:30,724]- logger.py] - INFO: 开始测试-账号13899999102进行登录
[2021-07-16 09:35:59,679]- logger.py] - INFO: 测试登录结束

[2021-07-16 09:36:06,752]- logger.py] - INFO: 开始测试-账号13899999103进行登录
[2021-07-16 09:36:35,788]- logger.py] - INFO: 测试登录结束

[2021-07-16 09:36:42,937]- logger.py] - INFO: 开始测试-账号13899999104进行登录
[2021-07-16 09:37:12,099]- logger.py] - INFO: 测试登录结束

[2021-07-16 09:37:18,905]- logger.py] - INFO: 开始测试-账号13899999105进行登录
[2021-07-16 09:37:48,080]- logger.py] - INFO: 测试登录结束

[2021-07-16 09:37:55,260]- logger.py] - INFO: 开始测试-账号13899999106进行登录
[2021-07-16 09:38:24,424]- logger.py] - INFO: 测试登录结束

[2021-07-16 09:38:31,575]- logger.py] - INFO: 开始测试-账号13899999107进行登录
[2021-07-16 09:39:00,697]- logger.py] - INFO: 测试登录结束

[2021-07-16 09:39:07,898]- logger.py] - INFO: 开始测试-账号13899999108进行登录
[2021-07-16 09:39:36,914]- logger.py] - INFO: 测试登录结束

[2021-07-16 09:39:43,762]- logger.py] - INFO: 开始测试-账号13899999109进行登录
[2021-07-16 09:40:12,859]- logger.py] - INFO: 测试登录结束

[2021-07-16 09:40:19,695]- logger.py] - INFO: 开始测试-账号13899999110进行登录
[2021-07-16 09:40:48,803]- logger.py] - INFO: 测试登录结束

[2021-07-16 09:40:55,737]- logger.py] - INFO: 开始测试-账号13899999111进行登录
[2021-07-16 09:41:24,899]- logger.py] - INFO: 测试登录结束

[2021-07-16 09:41:31,311]- logger.py] - INFO: 开始测试-账号13899999112进行登录
[2021-07-16 09:42:00,393]- logger.py] - INFO: 测试登录结束

[2021-07-16 09:42:07,362]- logger.py] - INFO: 开始测试-账号13899999113进行登录
[2021-07-16 09:42:36,405]- logger.py] - INFO: 测试登录结束

[2021-07-16 09:42:43,517]- logger.py] - INFO: 开始测试-账号13899999114进行登录
[2021-07-16 09:43:12,429]- logger.py] - INFO: 测试登录结束

[2021-07-16 09:43:19,278]- logger.py] - INFO: 开始测试-账号13899999115进行登录
[2021-07-16 09:43:48,232]- logger.py] - INFO: 测试登录结束

[2021-07-16 09:43:55,430]- logger.py] - INFO: 开始测试-账号13899999116进行登录
[2021-07-16 09:44:24,354]- logger.py] - INFO: 测试登录结束

[2021-07-16 09:44:32,022]- logger.py] - INFO: 开始测试-账号13899999117进行登录
[2021-07-16 09:45:01,136]- logger.py] - INFO: 测试登录结束

[2021-07-16 09:45:08,065]- logger.py] - INFO: 开始测试-账号13899999118进行登录
[2021-07-16 09:45:37,088]- logger.py] - INFO: 测试登录结束

[2021-07-16 09:45:43,971]- logger.py] - INFO: 开始测试-账号13899999119进行登录
[2021-07-16 09:46:13,089]- logger.py] - INFO: 测试登录结束

[2021-07-16 09:46:20,163]- logger.py] - INFO: 开始测试-账号13899999120进行登录
[2021-07-16 09:46:49,130]- logger.py] - INFO: 测试登录结束

[2021-07-16 09:46:55,958]- logger.py] - INFO: 开始测试-账号13899999121进行登录
[2021-07-16 09:47:25,019]- logger.py] - INFO: 测试登录结束

[2021-07-16 09:47:32,225]- logger.py] - INFO: 开始测试-账号13899999122进行登录
[2021-07-16 09:48:01,147]- logger.py] - INFO: 测试登录结束

[2021-07-16 09:48:08,175]- logger.py] - INFO: 开始测试-账号13899999123进行登录
[2021-07-16 09:48:37,123]- logger.py] - INFO: 测试登录结束

[2021-07-16 09:48:43,869]- logger.py] - INFO: 开始测试-账号13899999124进行登录
[2021-07-16 09:49:12,836]- logger.py] - INFO: 测试登录结束

[2021-07-16 09:49:19,782]- logger.py] - INFO: 开始测试-账号13899999125进行登录
[2021-07-16 09:49:48,773]- logger.py] - INFO: 测试登录结束

[2021-07-16 09:49:55,432]- logger.py] - INFO: 开始测试-账号13899999126进行登录
[2021-07-16 09:50:24,341]- logger.py] - INFO: 测试登录结束

[2021-07-16 09:50:31,061]- logger.py] - INFO: 开始测试-账号13899999127进行登录
[2021-07-16 09:51:00,000]- logger.py] - INFO: 测试登录结束

[2021-07-16 09:51:07,022]- logger.py] - INFO: 开始测试-账号13899999128进行登录
[2021-07-16 09:51:35,990]- logger.py] - INFO: 测试登录结束

[2021-07-16 09:51:42,180]- logger.py] - INFO: 开始测试-账号13899999129进行登录
[2021-07-16 09:52:11,126]- logger.py] - INFO: 测试登录结束

[2021-07-16 09:52:17,910]- logger.py] - INFO: 开始测试-账号13899999130进行登录
[2021-07-16 09:52:46,943]- logger.py] - INFO: 测试登录结束

[2021-07-16 09:52:54,058]- logger.py] - INFO: 开始测试-账号13899999131进行登录
[2021-07-16 09:53:22,993]- logger.py] - INFO: 测试登录结束

[2021-07-16 09:53:30,082]- logger.py] - INFO: 开始测试-账号13899999132进行登录
[2021-07-16 09:53:59,214]- logger.py] - INFO: 测试登录结束

[2021-07-16 09:54:06,299]- logger.py] - INFO: 开始测试-账号13899999133进行登录
[2021-07-16 09:54:35,524]- logger.py] - INFO: 测试登录结束

[2021-07-16 09:54:42,598]- logger.py] - INFO: 开始测试-账号13899999134进行登录
[2021-07-16 09:55:11,457]- logger.py] - INFO: 测试登录结束

[2021-07-16 09:55:18,262]- logger.py] - INFO: 开始测试-账号13899999135进行登录
[2021-07-16 09:55:47,218]- logger.py] - INFO: 测试登录结束

[2021-07-16 09:55:54,218]- logger.py] - INFO: 开始测试-账号13899999136进行登录
[2021-07-16 09:56:23,221]- logger.py] - INFO: 测试登录结束

[2021-07-16 09:56:30,395]- logger.py] - INFO: 开始测试-账号13899999137进行登录
[2021-07-16 09:56:59,366]- logger.py] - INFO: 测试登录结束

[2021-07-16 09:57:05,902]- logger.py] - INFO: 开始测试-账号13899999138进行登录
[2021-07-16 09:57:34,951]- logger.py] - INFO: 测试登录结束

[2021-07-16 09:57:42,199]- logger.py] - INFO: 开始测试-账号13899999139进行登录
[2021-07-16 09:58:11,244]- logger.py] - INFO: 测试登录结束

[2021-07-16 09:58:18,286]- logger.py] - INFO: 开始测试-账号13899999140进行登录
[2021-07-16 09:58:47,316]- logger.py] - INFO: 测试登录结束

[2021-07-16 09:58:54,374]- logger.py] - INFO: 开始测试-账号13899999141进行登录
[2021-07-16 09:59:23,643]- logger.py] - INFO: 测试登录结束

[2021-07-16 09:59:30,689]- logger.py] - INFO: 开始测试-账号13899999142进行登录
[2021-07-16 09:59:59,968]- logger.py] - INFO: 测试登录结束

[2021-07-16 10:00:06,971]- logger.py] - INFO: 开始测试-账号13899999143进行登录
[2021-07-16 10:00:36,120]- logger.py] - INFO: 测试登录结束

[2021-07-16 10:00:42,941]- logger.py] - INFO: 开始测试-账号13899999144进行登录
[2021-07-16 10:01:12,003]- logger.py] - INFO: 测试登录结束

[2021-07-16 10:01:19,041]- logger.py] - INFO: 开始测试-账号13899999145进行登录
[2021-07-16 10:01:48,209]- logger.py] - INFO: 测试登录结束

[2021-07-16 10:01:55,088]- logger.py] - INFO: 开始测试-账号13899999146进行登录
[2021-07-16 10:02:24,081]- logger.py] - INFO: 测试登录结束

[2021-07-16 10:02:31,091]- logger.py] - INFO: 开始测试-账号13899999147进行登录
[2021-07-16 10:03:00,258]- logger.py] - INFO: 测试登录结束

[2021-07-16 10:03:07,216]- logger.py] - INFO: 开始测试-账号13899999148进行登录
[2021-07-16 10:03:36,340]- logger.py] - INFO: 测试登录结束

[2021-07-16 10:03:43,341]- logger.py] - INFO: 开始测试-账号13899999149进行登录
[2021-07-16 10:04:12,320]- logger.py] - INFO: 测试登录结束

[2021-07-16 10:04:19,323]- logger.py] - INFO: 开始测试-账号13899999150进行登录
[2021-07-16 10:04:48,267]- logger.py] - INFO: 测试登录结束

[2021-07-16 10:04:55,293]- logger.py] - INFO: 开始测试-账号13899999151进行登录
[2021-07-16 10:05:24,436]- logger.py] - INFO: 测试登录结束

[2021-07-16 10:05:31,204]- logger.py] - INFO: 开始测试-账号13899999152进行登录
[2021-07-16 10:06:00,341]- logger.py] - INFO: 测试登录结束

[2021-07-16 10:06:07,414]- logger.py] - INFO: 开始测试-账号13899999153进行登录
[2021-07-16 10:06:36,431]- logger.py] - INFO: 测试登录结束

[2021-07-16 10:06:43,475]- logger.py] - INFO: 开始测试-账号13899999154进行登录
[2021-07-16 10:07:12,831]- logger.py] - INFO: 测试登录结束

[2021-07-16 10:07:19,837]- logger.py] - INFO: 开始测试-账号13899999155进行登录
[2021-07-16 10:07:48,963]- logger.py] - INFO: 测试登录结束

[2021-07-16 10:07:55,872]- logger.py] - INFO: 开始测试-账号13899999156进行登录
[2021-07-16 10:08:24,851]- logger.py] - INFO: 测试登录结束

[2021-07-16 10:08:31,970]- logger.py] - INFO: 开始测试-账号13899999157进行登录
[2021-07-16 10:09:00,786]- logger.py] - INFO: 测试登录结束

[2021-07-16 10:09:07,746]- logger.py] - INFO: 开始测试-账号13899999158进行登录
[2021-07-16 10:09:36,665]- logger.py] - INFO: 测试登录结束

[2021-07-16 10:09:43,761]- logger.py] - INFO: 开始测试-账号13899999159进行登录
[2021-07-16 10:10:12,571]- logger.py] - INFO: 测试登录结束

[2021-07-16 10:10:19,590]- logger.py] - INFO: 开始测试-账号13899999160进行登录
[2021-07-16 10:10:48,553]- logger.py] - INFO: 测试登录结束

[2021-07-16 10:10:55,610]- logger.py] - INFO: 开始测试-账号13899999161进行登录
[2021-07-16 10:11:24,738]- logger.py] - INFO: 测试登录结束

[2021-07-16 10:11:31,679]- logger.py] - INFO: 开始测试-账号13899999162进行登录
[2021-07-16 10:12:00,391]- logger.py] - INFO: 测试登录结束

[2021-07-16 10:12:07,485]- logger.py] - INFO: 开始测试-账号13899999163进行登录
[2021-07-16 10:12:36,466]- logger.py] - INFO: 测试登录结束

[2021-07-16 10:12:43,471]- logger.py] - INFO: 开始测试-账号13899999164进行登录
[2021-07-16 10:13:12,473]- logger.py] - INFO: 测试登录结束

[2021-07-16 10:13:19,596]- logger.py] - INFO: 开始测试-账号13899999165进行登录
[2021-07-16 10:13:48,580]- logger.py] - INFO: 测试登录结束

[2021-07-16 10:13:55,986]- logger.py] - INFO: 开始测试-账号13899999166进行登录
[2021-07-16 10:14:25,102]- logger.py] - INFO: 测试登录结束

[2021-07-16 10:14:32,088]- logger.py] - INFO: 开始测试-账号13899999167进行登录
[2021-07-16 10:15:01,058]- logger.py] - INFO: 测试登录结束

[2021-07-16 10:15:08,042]- logger.py] - INFO: 开始测试-账号13899999168进行登录
[2021-07-16 10:15:37,095]- logger.py] - INFO: 测试登录结束

[2021-07-16 10:15:43,969]- logger.py] - INFO: 开始测试-账号13899999169进行登录
[2021-07-16 10:16:13,035]- logger.py] - INFO: 测试登录结束

[2021-07-16 10:16:20,094]- logger.py] - INFO: 开始测试-账号13899999170进行登录
[2021-07-16 10:16:49,108]- logger.py] - INFO: 测试登录结束

[2021-07-16 10:16:56,178]- logger.py] - INFO: 开始测试-账号13899999171进行登录
[2021-07-16 10:17:25,101]- logger.py] - INFO: 测试登录结束

[2021-07-16 10:17:32,069]- logger.py] - INFO: 开始测试-账号13899999172进行登录
[2021-07-16 10:18:00,961]- logger.py] - INFO: 测试登录结束

[2021-07-16 10:18:08,001]- logger.py] - INFO: 开始测试-账号13899999173进行登录
[2021-07-16 10:18:36,948]- logger.py] - INFO: 测试登录结束

[2021-07-16 10:18:43,934]- logger.py] - INFO: 开始测试-账号13899999174进行登录
[2021-07-16 10:19:12,853]- logger.py] - INFO: 测试登录结束

[2021-07-16 10:19:19,786]- logger.py] - INFO: 开始测试-账号13899999175进行登录
[2021-07-16 10:19:48,766]- logger.py] - INFO: 测试登录结束

[2021-07-16 10:19:55,754]- logger.py] - INFO: 开始测试-账号13899999176进行登录
[2021-07-16 10:20:24,721]- logger.py] - INFO: 测试登录结束

[2021-07-16 10:20:31,716]- logger.py] - INFO: 开始测试-账号13899999177进行登录
[2021-07-16 10:21:00,545]- logger.py] - INFO: 测试登录结束

[2021-07-16 10:21:07,411]- logger.py] - INFO: 开始测试-账号13899999178进行登录
[2021-07-16 10:21:36,238]- logger.py] - INFO: 测试登录结束

[2021-07-16 10:21:43,318]- logger.py] - INFO: 开始测试-账号13899999179进行登录
[2021-07-16 10:22:12,258]- logger.py] - INFO: 测试登录结束

[2021-07-16 10:22:18,977]- logger.py] - INFO: 开始测试-账号13899999180进行登录
[2021-07-16 10:22:47,952]- logger.py] - INFO: 测试登录结束

[2021-07-16 10:22:55,323]- logger.py] - INFO: 开始测试-账号13899999181进行登录
[2021-07-16 10:23:24,270]- logger.py] - INFO: 测试登录结束

[2021-07-16 10:23:31,292]- logger.py] - INFO: 开始测试-账号13899999182进行登录
[2021-07-16 10:24:00,346]- logger.py] - INFO: 测试登录结束

[2021-07-16 10:24:07,216]- logger.py] - INFO: 开始测试-账号13899999183进行登录
[2021-07-16 10:24:36,171]- logger.py] - INFO: 测试登录结束

[2021-07-16 10:24:43,310]- logger.py] - INFO: 开始测试-账号13899999184进行登录
[2021-07-16 10:25:12,457]- logger.py] - INFO: 测试登录结束

[2021-07-16 10:25:19,543]- logger.py] - INFO: 开始测试-账号13899999185进行登录
[2021-07-16 10:25:48,396]- logger.py] - INFO: 测试登录结束

[2021-07-16 10:25:55,256]- logger.py] - INFO: 开始测试-账号13899999186进行登录
[2021-07-16 10:26:24,085]- logger.py] - INFO: 测试登录结束

[2021-07-16 10:26:31,133]- logger.py] - INFO: 开始测试-账号13899999187进行登录
[2021-07-16 10:27:00,027]- logger.py] - INFO: 测试登录结束

[2021-07-16 10:27:07,000]- logger.py] - INFO: 开始测试-账号13899999188进行登录
[2021-07-16 10:27:35,930]- logger.py] - INFO: 测试登录结束

[2021-07-16 10:27:42,852]- logger.py] - INFO: 开始测试-账号13899999189进行登录
[2021-07-16 10:28:11,824]- logger.py] - INFO: 测试登录结束

[2021-07-16 10:28:18,554]- logger.py] - INFO: 开始测试-账号13899999190进行登录
[2021-07-16 10:28:47,609]- logger.py] - INFO: 测试登录结束

[2021-07-16 10:28:54,537]- logger.py] - INFO: 开始测试-账号13899999191进行登录
[2021-07-16 10:29:23,663]- logger.py] - INFO: 测试登录结束

[2021-07-16 10:29:30,157]- logger.py] - INFO: 开始测试-账号13899999192进行登录
[2021-07-16 10:29:59,200]- logger.py] - INFO: 测试登录结束

[2021-07-16 10:30:06,212]- logger.py] - INFO: 开始测试-账号13899999193进行登录
[2021-07-16 10:30:35,153]- logger.py] - INFO: 测试登录结束

[2021-07-16 10:30:42,214]- logger.py] - INFO: 开始测试-账号13899999194进行登录
[2021-07-16 10:31:11,247]- logger.py] - INFO: 测试登录结束

[2021-07-16 10:31:18,306]- logger.py] - INFO: 开始测试-账号13899999195进行登录
[2021-07-16 10:31:47,217]- logger.py] - INFO: 测试登录结束

[2021-07-16 10:31:54,306]- logger.py] - INFO: 开始测试-账号13899999196进行登录
[2021-07-16 10:32:23,482]- logger.py] - INFO: 测试登录结束

[2021-07-16 10:32:29,966]- logger.py] - INFO: 开始测试-账号13899999197进行登录
[2021-07-16 10:32:58,937]- logger.py] - INFO: 测试登录结束

[2021-07-16 10:33:05,981]- logger.py] - INFO: 开始测试-账号13899999198进行登录
[2021-07-16 10:33:35,118]- logger.py] - INFO: 测试登录结束

[2021-07-16 10:33:42,299]- logger.py] - INFO: 开始测试-账号13899999199进行登录
[2021-07-16 10:34:11,546]- logger.py] - INFO: 测试登录结束

[2021-07-16 11:04:51,214]- logger.py] - INFO: 开始测试-首次安装后进行登录
[2021-07-16 11:05:19,506]- logger.py] - INFO: 开始测试-首次安装后进行登录
[2021-07-16 11:06:25,891]- logger.py] - INFO: 开始测试-首次安装后进行登录
[2021-07-16 11:07:41,410]- logger.py] - INFO: 开始测试-首次安装后进行登录
[2021-07-16 11:10:16,548]- logger.py] - INFO: 开始测试-首次安装后进行登录
[2021-07-16 11:13:19,472]- logger.py] - INFO: 开始测试-首次安装后进行登录
[2021-07-16 11:14:20,636]- logger.py] - INFO: 测试登录结束

[2021-07-16 11:16:13,248]- logger.py] - INFO: 开始测试-首次安装后进行登录
[2021-07-16 11:17:14,941]- logger.py] - INFO: 测试登录结束

[2021-07-16 11:19:18,116]- logger.py] - INFO: 开始测试-首次安装后进行登录
[2021-07-16 11:19:49,260]- logger.py] - INFO: 测试登录结束

[2021-07-16 11:36:01,164]- logger.py] - INFO: 开始测试-首次安装后进行登录
[2021-07-16 11:36:15,974]- logger.py] - INFO: 开始测试-首次安装后进行登录
[2021-07-16 11:36:47,204]- logger.py] - INFO: 测试登录结束

[2021-07-16 11:39:46,473]- logger.py] - INFO: 开始测试-首次安装后进行登录
[2021-07-16 11:40:17,513]- logger.py] - INFO: 测试登录结束

[2021-07-16 14:42:58,386]- logger.py] - INFO: 开始测试-首次安装后进行登录
[2021-07-16 14:43:30,330]- logger.py] - INFO: 测试登录结束

[2021-07-16 14:46:38,708]- logger.py] - INFO: 开始测试-首次安装后进行登录
[2021-07-16 14:47:03,313]- logger.py] - INFO: 未绑定页面提示：您还未绑定设备
[2021-07-16 14:47:10,286]- logger.py] - INFO: 未绑定用户登录测试结束

[2021-07-16 17:11:58,573]- logger.py] - INFO: 开始测试-首次安装后进行注册
[2021-07-16 17:13:09,503]- logger.py] - INFO: 开始测试-首次安装后进行注册
[2021-07-16 17:14:48,826]- logger.py] - INFO: 开始测试-首次安装后进行注册
[2021-07-16 17:15:37,496]- logger.py] - INFO: 开始测试-首次安装后进行注册
[2021-07-16 17:22:30,243]- logger.py] - INFO: 开始测试-首次安装后进行注册
[2021-07-16 17:28:36,523]- logger.py] - INFO: 开始测试-首次安装后进行注册
[2021-07-16 17:29:06,602]- logger.py] - INFO: 注册测试结束

[2021-07-16 17:56:29,776]- logger.py] - INFO: 开始测试-首次安装后进行注册
[2021-07-16 17:57:19,273]- logger.py] - INFO: 注册测试结束

